[0.105s] DEBUG:colcon:Command line arguments: ['/usr/bin/colcon', 'build', '--symlink-install']
[0.105s] DEBUG:colcon:Parsed command line arguments: Namespace(log_base=None, log_level=None, verb_name='build', build_base='build', install_base='install', merge_install=False, symlink_install=True, test_result_base=None, continue_on_error=False, executor='parallel', parallel_workers=12, event_handlers=None, ignore_user_meta=False, metas=['./colcon.meta'], base_paths=['.'], packages_ignore=None, packages_ignore_regex=None, paths=None, packages_up_to=None, packages_up_to_regex=None, packages_above=None, packages_above_and_dependencies=None, packages_above_depth=None, packages_select_by_dep=None, packages_skip_by_dep=None, packages_skip_up_to=None, packages_select_build_failed=False, packages_skip_build_finished=False, packages_select_test_failures=False, packages_skip_test_passed=False, packages_select=None, packages_skip=None, packages_select_regex=None, packages_skip_regex=None, packages_start=None, packages_end=None, allow_overriding=[], cmake_args=None, cmake_target=None, cmake_target_skip_unavailable=False, cmake_clean_cache=False, cmake_clean_first=False, cmake_force_configure=False, ament_cmake_args=None, catkin_cmake_args=None, catkin_skip_building_tests=False, verb_parser=<colcon_defaults.argument_parser.defaults.DefaultArgumentsDecorator object at 0x781ae6f27490>, verb_extension=<colcon_core.verb.build.BuildVerb object at 0x781ae7070040>, main=<bound method BuildVerb.main of <colcon_core.verb.build.BuildVerb object at 0x781ae7070040>>)
[0.280s] Level 1:colcon.colcon_core.package_discovery:discover_packages(colcon_meta) check parameters
[0.281s] Level 1:colcon.colcon_core.package_discovery:discover_packages(recursive) check parameters
[0.281s] Level 1:colcon.colcon_core.package_discovery:discover_packages(ignore) check parameters
[0.281s] Level 1:colcon.colcon_core.package_discovery:discover_packages(path) check parameters
[0.281s] Level 1:colcon.colcon_core.package_discovery:discover_packages(colcon_meta) discover
[0.281s] Level 1:colcon.colcon_core.package_discovery:discover_packages(recursive) discover
[0.281s] INFO:colcon.colcon_core.package_discovery:Crawling recursively for packages in '/home/ebrahim/control_survey'
[0.281s] Level 1:colcon.colcon_core.package_identification:_identify(.) by extensions ['ignore', 'ignore_ament_install']
[0.281s] Level 1:colcon.colcon_core.package_identification:_identify(.) by extension 'ignore'
[0.281s] Level 1:colcon.colcon_core.package_identification:_identify(.) by extension 'ignore_ament_install'
[0.281s] Level 1:colcon.colcon_core.package_identification:_identify(.) by extensions ['colcon_pkg']
[0.281s] Level 1:colcon.colcon_core.package_identification:_identify(.) by extension 'colcon_pkg'
[0.281s] Level 1:colcon.colcon_core.package_identification:_identify(.) by extensions ['colcon_meta']
[0.281s] Level 1:colcon.colcon_core.package_identification:_identify(.) by extension 'colcon_meta'
[0.281s] Level 1:colcon.colcon_core.package_identification:_identify(.) by extensions ['ros']
[0.281s] Level 1:colcon.colcon_core.package_identification:_identify(.) by extension 'ros'
[0.291s] Level 1:colcon.colcon_core.package_identification:_identify(.) by extensions ['cmake', 'python']
[0.291s] Level 1:colcon.colcon_core.package_identification:_identify(.) by extension 'cmake'
[0.291s] Level 1:colcon.colcon_core.package_identification:_identify(.) by extension 'python'
[0.291s] Level 1:colcon.colcon_core.package_identification:_identify(.) by extensions ['python_setup_py']
[0.291s] Level 1:colcon.colcon_core.package_identification:_identify(.) by extension 'python_setup_py'
[0.291s] Level 1:colcon.colcon_core.package_identification:_identify(build) by extensions ['ignore', 'ignore_ament_install']
[0.291s] Level 1:colcon.colcon_core.package_identification:_identify(build) by extension 'ignore'
[0.291s] Level 1:colcon.colcon_core.package_identification:_identify(build) ignored
[0.291s] Level 1:colcon.colcon_core.package_identification:_identify(install) by extensions ['ignore', 'ignore_ament_install']
[0.292s] Level 1:colcon.colcon_core.package_identification:_identify(install) by extension 'ignore'
[0.292s] Level 1:colcon.colcon_core.package_identification:_identify(install) ignored
[0.292s] Level 1:colcon.colcon_core.package_identification:_identify(log) by extensions ['ignore', 'ignore_ament_install']
[0.292s] Level 1:colcon.colcon_core.package_identification:_identify(log) by extension 'ignore'
[0.292s] Level 1:colcon.colcon_core.package_identification:_identify(log) ignored
[0.292s] Level 1:colcon.colcon_core.package_identification:_identify(src) by extensions ['ignore', 'ignore_ament_install']
[0.292s] Level 1:colcon.colcon_core.package_identification:_identify(src) by extension 'ignore'
[0.292s] Level 1:colcon.colcon_core.package_identification:_identify(src) by extension 'ignore_ament_install'
[0.292s] Level 1:colcon.colcon_core.package_identification:_identify(src) by extensions ['colcon_pkg']
[0.292s] Level 1:colcon.colcon_core.package_identification:_identify(src) by extension 'colcon_pkg'
[0.292s] Level 1:colcon.colcon_core.package_identification:_identify(src) by extensions ['colcon_meta']
[0.292s] Level 1:colcon.colcon_core.package_identification:_identify(src) by extension 'colcon_meta'
[0.292s] Level 1:colcon.colcon_core.package_identification:_identify(src) by extensions ['ros']
[0.292s] Level 1:colcon.colcon_core.package_identification:_identify(src) by extension 'ros'
[0.293s] Level 1:colcon.colcon_core.package_identification:_identify(src) by extensions ['cmake', 'python']
[0.293s] Level 1:colcon.colcon_core.package_identification:_identify(src) by extension 'cmake'
[0.293s] Level 1:colcon.colcon_core.package_identification:_identify(src) by extension 'python'
[0.293s] Level 1:colcon.colcon_core.package_identification:_identify(src) by extensions ['python_setup_py']
[0.293s] Level 1:colcon.colcon_core.package_identification:_identify(src) by extension 'python_setup_py'
[0.293s] Level 1:colcon.colcon_core.package_identification:_identify(src/controller) by extensions ['ignore', 'ignore_ament_install']
[0.293s] Level 1:colcon.colcon_core.package_identification:_identify(src/controller) by extension 'ignore'
[0.293s] Level 1:colcon.colcon_core.package_identification:_identify(src/controller) by extension 'ignore_ament_install'
[0.293s] Level 1:colcon.colcon_core.package_identification:_identify(src/controller) by extensions ['colcon_pkg']
[0.293s] Level 1:colcon.colcon_core.package_identification:_identify(src/controller) by extension 'colcon_pkg'
[0.293s] Level 1:colcon.colcon_core.package_identification:_identify(src/controller) by extensions ['colcon_meta']
[0.293s] Level 1:colcon.colcon_core.package_identification:_identify(src/controller) by extension 'colcon_meta'
[0.293s] Level 1:colcon.colcon_core.package_identification:_identify(src/controller) by extensions ['ros']
[0.293s] Level 1:colcon.colcon_core.package_identification:_identify(src/controller) by extension 'ros'
[0.301s] DEBUG:colcon.colcon_core.package_identification:Package 'src/controller' with type 'ros.ament_python' and name 'controller'
[0.301s] Level 1:colcon.colcon_core.package_identification:_identify(src/waypoint_logger) by extensions ['ignore', 'ignore_ament_install']
[0.301s] Level 1:colcon.colcon_core.package_identification:_identify(src/waypoint_logger) by extension 'ignore'
[0.301s] Level 1:colcon.colcon_core.package_identification:_identify(src/waypoint_logger) by extension 'ignore_ament_install'
[0.301s] Level 1:colcon.colcon_core.package_identification:_identify(src/waypoint_logger) by extensions ['colcon_pkg']
[0.301s] Level 1:colcon.colcon_core.package_identification:_identify(src/waypoint_logger) by extension 'colcon_pkg'
[0.301s] Level 1:colcon.colcon_core.package_identification:_identify(src/waypoint_logger) by extensions ['colcon_meta']
[0.301s] Level 1:colcon.colcon_core.package_identification:_identify(src/waypoint_logger) by extension 'colcon_meta'
[0.301s] Level 1:colcon.colcon_core.package_identification:_identify(src/waypoint_logger) by extensions ['ros']
[0.301s] Level 1:colcon.colcon_core.package_identification:_identify(src/waypoint_logger) by extension 'ros'
[0.302s] DEBUG:colcon.colcon_core.package_identification:Package 'src/waypoint_logger' with type 'ros.ament_python' and name 'waypoint_logger'
[0.302s] Level 1:colcon.colcon_core.package_discovery:discover_packages(recursive) using defaults
[0.302s] Level 1:colcon.colcon_core.package_discovery:discover_packages(ignore) discover
[0.302s] Level 1:colcon.colcon_core.package_discovery:discover_packages(ignore) using defaults
[0.302s] Level 1:colcon.colcon_core.package_discovery:discover_packages(path) discover
[0.302s] Level 1:colcon.colcon_core.package_discovery:discover_packages(path) using defaults
[0.326s] Level 1:colcon.colcon_core.package_discovery:discover_packages(prefix_path) check parameters
[0.326s] Level 1:colcon.colcon_core.package_discovery:discover_packages(prefix_path) discover
[0.330s] DEBUG:colcon.colcon_installed_package_information.package_discovery:Found 18 installed packages in /home/ebrahim/carla-ros-bridge/install
[0.331s] DEBUG:colcon.colcon_installed_package_information.package_discovery:Found 305 installed packages in /opt/ros/humble
[0.332s] Level 1:colcon.colcon_core.package_discovery:discover_packages(prefix_path) using defaults
[0.370s] Level 5:colcon.colcon_core.verb:set package 'controller' build argument 'cmake_args' from command line to 'None'
[0.370s] Level 5:colcon.colcon_core.verb:set package 'controller' build argument 'cmake_target' from command line to 'None'
[0.370s] Level 5:colcon.colcon_core.verb:set package 'controller' build argument 'cmake_target_skip_unavailable' from command line to 'False'
[0.370s] Level 5:colcon.colcon_core.verb:set package 'controller' build argument 'cmake_clean_cache' from command line to 'False'
[0.370s] Level 5:colcon.colcon_core.verb:set package 'controller' build argument 'cmake_clean_first' from command line to 'False'
[0.370s] Level 5:colcon.colcon_core.verb:set package 'controller' build argument 'cmake_force_configure' from command line to 'False'
[0.370s] Level 5:colcon.colcon_core.verb:set package 'controller' build argument 'ament_cmake_args' from command line to 'None'
[0.370s] Level 5:colcon.colcon_core.verb:set package 'controller' build argument 'catkin_cmake_args' from command line to 'None'
[0.370s] Level 5:colcon.colcon_core.verb:set package 'controller' build argument 'catkin_skip_building_tests' from command line to 'False'
[0.370s] DEBUG:colcon.colcon_core.verb:Building package 'controller' with the following arguments: {'ament_cmake_args': None, 'build_base': '/home/ebrahim/control_survey/build/controller', 'catkin_cmake_args': None, 'catkin_skip_building_tests': False, 'cmake_args': None, 'cmake_clean_cache': False, 'cmake_clean_first': False, 'cmake_force_configure': False, 'cmake_target': None, 'cmake_target_skip_unavailable': False, 'install_base': '/home/ebrahim/control_survey/install/controller', 'merge_install': False, 'path': '/home/ebrahim/control_survey/src/controller', 'symlink_install': True, 'test_result_base': None}
[0.370s] Level 5:colcon.colcon_core.verb:set package 'waypoint_logger' build argument 'cmake_args' from command line to 'None'
[0.370s] Level 5:colcon.colcon_core.verb:set package 'waypoint_logger' build argument 'cmake_target' from command line to 'None'
[0.371s] Level 5:colcon.colcon_core.verb:set package 'waypoint_logger' build argument 'cmake_target_skip_unavailable' from command line to 'False'
[0.371s] Level 5:colcon.colcon_core.verb:set package 'waypoint_logger' build argument 'cmake_clean_cache' from command line to 'False'
[0.371s] Level 5:colcon.colcon_core.verb:set package 'waypoint_logger' build argument 'cmake_clean_first' from command line to 'False'
[0.371s] Level 5:colcon.colcon_core.verb:set package 'waypoint_logger' build argument 'cmake_force_configure' from command line to 'False'
[0.371s] Level 5:colcon.colcon_core.verb:set package 'waypoint_logger' build argument 'ament_cmake_args' from command line to 'None'
[0.371s] Level 5:colcon.colcon_core.verb:set package 'waypoint_logger' build argument 'catkin_cmake_args' from command line to 'None'
[0.371s] Level 5:colcon.colcon_core.verb:set package 'waypoint_logger' build argument 'catkin_skip_building_tests' from command line to 'False'
[0.371s] DEBUG:colcon.colcon_core.verb:Building package 'waypoint_logger' with the following arguments: {'ament_cmake_args': None, 'build_base': '/home/ebrahim/control_survey/build/waypoint_logger', 'catkin_cmake_args': None, 'catkin_skip_building_tests': False, 'cmake_args': None, 'cmake_clean_cache': False, 'cmake_clean_first': False, 'cmake_force_configure': False, 'cmake_target': None, 'cmake_target_skip_unavailable': False, 'install_base': '/home/ebrahim/control_survey/install/waypoint_logger', 'merge_install': False, 'path': '/home/ebrahim/control_survey/src/waypoint_logger', 'symlink_install': True, 'test_result_base': None}
[0.371s] INFO:colcon.colcon_core.executor:Executing jobs using 'parallel' executor
[0.372s] DEBUG:colcon.colcon_parallel_executor.executor.parallel:run_until_complete
[0.372s] INFO:colcon.colcon_ros.task.ament_python.build:Building ROS package in '/home/ebrahim/control_survey/src/controller' with build type 'ament_python'
[0.372s] Level 1:colcon.colcon_core.shell:create_environment_hook('controller', 'ament_prefix_path')
[0.375s] INFO:colcon.colcon_core.plugin_system:Skipping extension 'colcon_core.shell.bat': Not used on non-Windows systems
[0.375s] INFO:colcon.colcon_core.shell:Creating environment hook '/home/ebrahim/control_survey/install/controller/share/controller/hook/ament_prefix_path.ps1'
[0.376s] INFO:colcon.colcon_core.shell:Creating environment descriptor '/home/ebrahim/control_survey/install/controller/share/controller/hook/ament_prefix_path.dsv'
[0.376s] INFO:colcon.colcon_core.shell:Creating environment hook '/home/ebrahim/control_survey/install/controller/share/controller/hook/ament_prefix_path.sh'
[0.377s] INFO:colcon.colcon_core.shell:Skip shell extension 'powershell' for command environment: Not usable outside of PowerShell
[0.377s] DEBUG:colcon.colcon_core.shell:Skip shell extension 'dsv' for command environment
[0.381s] INFO:colcon.colcon_ros.task.ament_python.build:Building ROS package in '/home/ebrahim/control_survey/src/waypoint_logger' with build type 'ament_python'
[0.381s] Level 1:colcon.colcon_core.shell:create_environment_hook('waypoint_logger', 'ament_prefix_path')
[0.382s] INFO:colcon.colcon_core.shell:Creating environment hook '/home/ebrahim/control_survey/install/waypoint_logger/share/waypoint_logger/hook/ament_prefix_path.ps1'
[0.382s] INFO:colcon.colcon_core.shell:Creating environment descriptor '/home/ebrahim/control_survey/install/waypoint_logger/share/waypoint_logger/hook/ament_prefix_path.dsv'
[0.383s] INFO:colcon.colcon_core.shell:Creating environment hook '/home/ebrahim/control_survey/install/waypoint_logger/share/waypoint_logger/hook/ament_prefix_path.sh'
[0.384s] INFO:colcon.colcon_core.shell:Skip shell extension 'powershell' for command environment: Not usable outside of PowerShell
[0.384s] DEBUG:colcon.colcon_core.shell:Skip shell extension 'dsv' for command environment
[0.657s] INFO:colcon.colcon_core.task.python.build:Building Python package in '/home/ebrahim/control_survey/src/controller'
[0.657s] INFO:colcon.colcon_core.shell:Skip shell extension 'powershell' for command environment: Not usable outside of PowerShell
[0.657s] DEBUG:colcon.colcon_core.shell:Skip shell extension 'dsv' for command environment
[0.965s] INFO:colcon.colcon_core.task.python.build:Building Python package in '/home/ebrahim/control_survey/src/waypoint_logger'
[0.965s] INFO:colcon.colcon_core.shell:Skip shell extension 'powershell' for command environment: Not usable outside of PowerShell
[0.965s] DEBUG:colcon.colcon_core.shell:Skip shell extension 'dsv' for command environment
[1.416s] DEBUG:colcon.colcon_core.event_handler.log_command:Invoking command in '/home/ebrahim/control_survey/build/waypoint_logger': PYTHONPATH=/home/ebrahim/control_survey/build/waypoint_logger/prefix_override:/usr/lib/python3/dist-packages/colcon_core/task/python/colcon_distutils_commands:/home/ebrahim/control_survey/install/waypoint_logger/lib/python3.10/site-packages:${PYTHONPATH} /usr/bin/python3 -W ignore:setup.py install is deprecated setup.py develop --editable --build-directory /home/ebrahim/control_survey/build/waypoint_logger/build --no-deps symlink_data
[1.420s] DEBUG:colcon.colcon_core.event_handler.log_command:Invoking command in '/home/ebrahim/control_survey/build/controller': PYTHONPATH=/home/ebrahim/control_survey/build/controller/prefix_override:/usr/lib/python3/dist-packages/colcon_core/task/python/colcon_distutils_commands:/home/ebrahim/control_survey/install/controller/lib/python3.10/site-packages:${PYTHONPATH} /usr/bin/python3 -W ignore:setup.py install is deprecated setup.py develop --editable --build-directory /home/ebrahim/control_survey/build/controller/build --no-deps symlink_data
[1.972s] Level 1:colcon.colcon_core.shell:create_environment_hook('controller', 'pythonpath_develop')
[1.973s] INFO:colcon.colcon_core.shell:Creating environment hook '/home/ebrahim/control_survey/build/controller/share/controller/hook/pythonpath_develop.ps1'
[1.973s] DEBUG:colcon.colcon_core.event_handler.log_command:Invoked command in '/home/ebrahim/control_survey/build/controller' returned '0': PYTHONPATH=/home/ebrahim/control_survey/build/controller/prefix_override:/usr/lib/python3/dist-packages/colcon_core/task/python/colcon_distutils_commands:/home/ebrahim/control_survey/install/controller/lib/python3.10/site-packages:${PYTHONPATH} /usr/bin/python3 -W ignore:setup.py install is deprecated setup.py develop --editable --build-directory /home/ebrahim/control_survey/build/controller/build --no-deps symlink_data
[1.974s] INFO:colcon.colcon_core.shell:Creating environment descriptor '/home/ebrahim/control_survey/build/controller/share/controller/hook/pythonpath_develop.dsv'
[1.974s] INFO:colcon.colcon_core.shell:Creating environment hook '/home/ebrahim/control_survey/build/controller/share/controller/hook/pythonpath_develop.sh'
[1.978s] Level 1:colcon.colcon_core.environment:checking '/home/ebrahim/control_survey/install/controller' for CMake module files
[1.978s] Level 1:colcon.colcon_core.environment:checking '/home/ebrahim/control_survey/install/controller' for CMake config files
[1.979s] Level 1:colcon.colcon_core.environment:checking '/home/ebrahim/control_survey/install/controller/lib'
[1.979s] Level 1:colcon.colcon_core.environment:checking '/home/ebrahim/control_survey/install/controller/bin'
[1.979s] Level 1:colcon.colcon_core.environment:checking '/home/ebrahim/control_survey/install/controller/lib/pkgconfig/controller.pc'
[1.979s] Level 1:colcon.colcon_core.environment:checking '/home/ebrahim/control_survey/install/controller/lib/python3.10/site-packages'
[1.979s] Level 1:colcon.colcon_core.shell:create_environment_hook('controller', 'pythonpath')
[1.980s] INFO:colcon.colcon_core.shell:Creating environment hook '/home/ebrahim/control_survey/install/controller/share/controller/hook/pythonpath.ps1'
[1.980s] INFO:colcon.colcon_core.shell:Creating environment descriptor '/home/ebrahim/control_survey/install/controller/share/controller/hook/pythonpath.dsv'
[1.980s] INFO:colcon.colcon_core.shell:Creating environment hook '/home/ebrahim/control_survey/install/controller/share/controller/hook/pythonpath.sh'
[1.981s] Level 1:colcon.colcon_core.environment:checking '/home/ebrahim/control_survey/install/controller/bin'
[1.981s] Level 1:colcon.colcon_core.environment:create_environment_scripts_only(controller)
[1.981s] INFO:colcon.colcon_core.shell:Creating package script '/home/ebrahim/control_survey/install/controller/share/controller/package.ps1'
[1.982s] INFO:colcon.colcon_core.shell:Creating package descriptor '/home/ebrahim/control_survey/install/controller/share/controller/package.dsv'
[1.983s] INFO:colcon.colcon_core.shell:Creating package script '/home/ebrahim/control_survey/install/controller/share/controller/package.sh'
[1.984s] INFO:colcon.colcon_core.shell:Creating package script '/home/ebrahim/control_survey/install/controller/share/controller/package.bash'
[1.985s] INFO:colcon.colcon_core.shell:Creating package script '/home/ebrahim/control_survey/install/controller/share/controller/package.zsh'
[1.986s] Level 1:colcon.colcon_core.environment:create_file_with_runtime_dependencies(/home/ebrahim/control_survey/install/controller/share/colcon-core/packages/controller)
[1.987s] Level 1:colcon.colcon_core.shell:create_environment_hook('waypoint_logger', 'pythonpath_develop')
[1.987s] INFO:colcon.colcon_core.shell:Creating environment hook '/home/ebrahim/control_survey/build/waypoint_logger/share/waypoint_logger/hook/pythonpath_develop.ps1'
[1.988s] DEBUG:colcon.colcon_core.event_handler.log_command:Invoked command in '/home/ebrahim/control_survey/build/waypoint_logger' returned '0': PYTHONPATH=/home/ebrahim/control_survey/build/waypoint_logger/prefix_override:/usr/lib/python3/dist-packages/colcon_core/task/python/colcon_distutils_commands:/home/ebrahim/control_survey/install/waypoint_logger/lib/python3.10/site-packages:${PYTHONPATH} /usr/bin/python3 -W ignore:setup.py install is deprecated setup.py develop --editable --build-directory /home/ebrahim/control_survey/build/waypoint_logger/build --no-deps symlink_data
[1.988s] INFO:colcon.colcon_core.shell:Creating environment descriptor '/home/ebrahim/control_survey/build/waypoint_logger/share/waypoint_logger/hook/pythonpath_develop.dsv'
[1.988s] INFO:colcon.colcon_core.shell:Creating environment hook '/home/ebrahim/control_survey/build/waypoint_logger/share/waypoint_logger/hook/pythonpath_develop.sh'
[1.989s] Level 1:colcon.colcon_core.environment:checking '/home/ebrahim/control_survey/install/waypoint_logger' for CMake module files
[1.989s] Level 1:colcon.colcon_core.environment:checking '/home/ebrahim/control_survey/install/waypoint_logger' for CMake config files
[1.990s] Level 1:colcon.colcon_core.environment:checking '/home/ebrahim/control_survey/install/waypoint_logger/lib'
[1.990s] Level 1:colcon.colcon_core.environment:checking '/home/ebrahim/control_survey/install/waypoint_logger/bin'
[1.990s] Level 1:colcon.colcon_core.environment:checking '/home/ebrahim/control_survey/install/waypoint_logger/lib/pkgconfig/waypoint_logger.pc'
[1.990s] Level 1:colcon.colcon_core.environment:checking '/home/ebrahim/control_survey/install/waypoint_logger/lib/python3.10/site-packages'
[1.990s] Level 1:colcon.colcon_core.shell:create_environment_hook('waypoint_logger', 'pythonpath')
[1.991s] INFO:colcon.colcon_core.shell:Creating environment hook '/home/ebrahim/control_survey/install/waypoint_logger/share/waypoint_logger/hook/pythonpath.ps1'
[1.991s] INFO:colcon.colcon_core.shell:Creating environment descriptor '/home/ebrahim/control_survey/install/waypoint_logger/share/waypoint_logger/hook/pythonpath.dsv'
[1.991s] INFO:colcon.colcon_core.shell:Creating environment hook '/home/ebrahim/control_survey/install/waypoint_logger/share/waypoint_logger/hook/pythonpath.sh'
[1.992s] Level 1:colcon.colcon_core.environment:checking '/home/ebrahim/control_survey/install/waypoint_logger/bin'
[1.992s] Level 1:colcon.colcon_core.environment:create_environment_scripts_only(waypoint_logger)
[1.992s] INFO:colcon.colcon_core.shell:Creating package script '/home/ebrahim/control_survey/install/waypoint_logger/share/waypoint_logger/package.ps1'
[1.993s] INFO:colcon.colcon_core.shell:Creating package descriptor '/home/ebrahim/control_survey/install/waypoint_logger/share/waypoint_logger/package.dsv'
[1.993s] INFO:colcon.colcon_core.shell:Creating package script '/home/ebrahim/control_survey/install/waypoint_logger/share/waypoint_logger/package.sh'
[1.994s] INFO:colcon.colcon_core.shell:Creating package script '/home/ebrahim/control_survey/install/waypoint_logger/share/waypoint_logger/package.bash'
[1.994s] INFO:colcon.colcon_core.shell:Creating package script '/home/ebrahim/control_survey/install/waypoint_logger/share/waypoint_logger/package.zsh'
[1.994s] Level 1:colcon.colcon_core.environment:create_file_with_runtime_dependencies(/home/ebrahim/control_survey/install/waypoint_logger/share/colcon-core/packages/waypoint_logger)
[1.995s] DEBUG:colcon.colcon_parallel_executor.executor.parallel:closing loop
[1.995s] DEBUG:colcon.colcon_parallel_executor.executor.parallel:loop closed
[1.995s] DEBUG:colcon.colcon_parallel_executor.executor.parallel:run_until_complete finished with '0'
[1.995s] DEBUG:colcon.colcon_core.event_reactor:joining thread
[2.001s] INFO:colcon.colcon_core.plugin_system:Skipping extension 'colcon_notification.desktop_notification.terminal_notifier': Not used on non-Darwin systems
[2.001s] INFO:colcon.colcon_core.plugin_system:Skipping extension 'colcon_notification.desktop_notification.win32': Not used on non-Windows systems
[2.001s] INFO:colcon.colcon_notification.desktop_notification:Sending desktop notification using 'notify2'
[2.018s] DEBUG:colcon.colcon_core.event_reactor:joined thread
[2.019s] INFO:colcon.colcon_core.shell:Creating prefix script '/home/ebrahim/control_survey/install/local_setup.ps1'
[2.020s] INFO:colcon.colcon_core.shell:Creating prefix util module '/home/ebrahim/control_survey/install/_local_setup_util_ps1.py'
[2.022s] INFO:colcon.colcon_core.shell:Creating prefix chain script '/home/ebrahim/control_survey/install/setup.ps1'
[2.023s] INFO:colcon.colcon_core.shell:Creating prefix script '/home/ebrahim/control_survey/install/local_setup.sh'
[2.024s] INFO:colcon.colcon_core.shell:Creating prefix util module '/home/ebrahim/control_survey/install/_local_setup_util_sh.py'
[2.024s] INFO:colcon.colcon_core.shell:Creating prefix chain script '/home/ebrahim/control_survey/install/setup.sh'
[2.026s] INFO:colcon.colcon_core.shell:Creating prefix script '/home/ebrahim/control_survey/install/local_setup.bash'
[2.026s] INFO:colcon.colcon_core.shell:Creating prefix chain script '/home/ebrahim/control_survey/install/setup.bash'
[2.028s] INFO:colcon.colcon_core.shell:Creating prefix script '/home/ebrahim/control_survey/install/local_setup.zsh'
[2.028s] INFO:colcon.colcon_core.shell:Creating prefix chain script '/home/ebrahim/control_survey/install/setup.zsh'
