running develop
running egg_info
creating controllers_survey_pkg.egg-info
writing controllers_survey_pkg.egg-info/PKG-INFO
writing dependency_links to controllers_survey_pkg.egg-info/dependency_links.txt
writing entry points to controllers_survey_pkg.egg-info/entry_points.txt
writing requirements to controllers_survey_pkg.egg-info/requires.txt
writing top-level names to controllers_survey_pkg.egg-info/top_level.txt
writing manifest file 'controllers_survey_pkg.egg-info/SOURCES.txt'
reading manifest file 'controllers_survey_pkg.egg-info/SOURCES.txt'
writing manifest file 'controllers_survey_pkg.egg-info/SOURCES.txt'
running build_ext
Creating /home/ebrahim/control_survey/install/controllers_survey_pkg/lib/python3.10/site-packages/controllers-survey-pkg.egg-link (link to .)
Installing controllers script to /home/ebrahim/control_survey/install/controllers_survey_pkg/lib/controllers_survey_pkg

Installed /home/ebrahim/control_survey/build/controllers_survey_pkg
running symlink_data
creating /home/ebrahim/control_survey/install/controllers_survey_pkg/share/ament_index
creating /home/ebrahim/control_survey/install/controllers_survey_pkg/share/ament_index/resource_index
creating /home/ebrahim/control_survey/install/controllers_survey_pkg/share/ament_index/resource_index/packages
symbolically linking /home/ebrahim/control_survey/build/controllers_survey_pkg/resource/controllers_survey_pkg -> /home/ebrahim/control_survey/install/controllers_survey_pkg/share/ament_index/resource_index/packages
symbolically linking /home/ebrahim/control_survey/build/controllers_survey_pkg/package.xml -> /home/ebrahim/control_survey/install/controllers_survey_pkg/share/controllers_survey_pkg
