[0.941s] Invoking command in '/home/ebrahim/control_survey/build/controllers_survey_pkg': PYTHONPATH=/home/ebrahim/control_survey/build/controllers_survey_pkg/prefix_override:/usr/lib/python3/dist-packages/colcon_core/task/python/colcon_distutils_commands:/home/ebrahim/control_survey/install/controllers_survey_pkg/lib/python3.10/site-packages:${PYTHONPATH} /usr/bin/python3 -W ignore:setup.py install is deprecated setup.py develop --editable --build-directory /home/ebrahim/control_survey/build/controllers_survey_pkg/build --no-deps symlink_data
[1.213s] running develop
[1.383s] running egg_info
[1.383s] creating controllers_survey_pkg.egg-info
[1.383s] writing controllers_survey_pkg.egg-info/PKG-INFO
[1.383s] writing dependency_links to controllers_survey_pkg.egg-info/dependency_links.txt
[1.383s] writing entry points to controllers_survey_pkg.egg-info/entry_points.txt
[1.383s] writing requirements to controllers_survey_pkg.egg-info/requires.txt
[1.383s] writing top-level names to controllers_survey_pkg.egg-info/top_level.txt
[1.384s] writing manifest file 'controllers_survey_pkg.egg-info/SOURCES.txt'
[1.385s] reading manifest file 'controllers_survey_pkg.egg-info/SOURCES.txt'
[1.385s] writing manifest file 'controllers_survey_pkg.egg-info/SOURCES.txt'
[1.387s] running build_ext
[1.387s] Creating /home/ebrahim/control_survey/install/controllers_survey_pkg/lib/python3.10/site-packages/controllers-survey-pkg.egg-link (link to .)
[1.387s] Installing controllers script to /home/ebrahim/control_survey/install/controllers_survey_pkg/lib/controllers_survey_pkg
[1.388s] 
[1.388s] Installed /home/ebrahim/control_survey/build/controllers_survey_pkg
[1.388s] running symlink_data
[1.388s] creating /home/ebrahim/control_survey/install/controllers_survey_pkg/share/ament_index
[1.388s] creating /home/ebrahim/control_survey/install/controllers_survey_pkg/share/ament_index/resource_index
[1.388s] creating /home/ebrahim/control_survey/install/controllers_survey_pkg/share/ament_index/resource_index/packages
[1.388s] symbolically linking /home/ebrahim/control_survey/build/controllers_survey_pkg/resource/controllers_survey_pkg -> /home/ebrahim/control_survey/install/controllers_survey_pkg/share/ament_index/resource_index/packages
[1.388s] symbolically linking /home/ebrahim/control_survey/build/controllers_survey_pkg/package.xml -> /home/ebrahim/control_survey/install/controllers_survey_pkg/share/controllers_survey_pkg
[1.412s] Invoked command in '/home/ebrahim/control_survey/build/controllers_survey_pkg' returned '0': PYTHONPATH=/home/ebrahim/control_survey/build/controllers_survey_pkg/prefix_override:/usr/lib/python3/dist-packages/colcon_core/task/python/colcon_distutils_commands:/home/ebrahim/control_survey/install/controllers_survey_pkg/lib/python3.10/site-packages:${PYTHONPATH} /usr/bin/python3 -W ignore:setup.py install is deprecated setup.py develop --editable --build-directory /home/ebrahim/control_survey/build/controllers_survey_pkg/build --no-deps symlink_data
