[0.096s] DEBUG:colcon:Command line arguments: ['/usr/bin/colcon', 'build', '--symlink-install']
[0.096s] DEBUG:colcon:Parsed command line arguments: Namespace(log_base=None, log_level=None, verb_name='build', build_base='build', install_base='install', merge_install=False, symlink_install=True, test_result_base=None, continue_on_error=False, executor='parallel', parallel_workers=12, event_handlers=None, ignore_user_meta=False, metas=['./colcon.meta'], base_paths=['.'], packages_ignore=None, packages_ignore_regex=None, paths=None, packages_up_to=None, packages_up_to_regex=None, packages_above=None, packages_above_and_dependencies=None, packages_above_depth=None, packages_select_by_dep=None, packages_skip_by_dep=None, packages_skip_up_to=None, packages_select_build_failed=False, packages_skip_build_finished=False, packages_select_test_failures=False, packages_skip_test_passed=False, packages_select=None, packages_skip=None, packages_select_regex=None, packages_skip_regex=None, packages_start=None, packages_end=None, allow_overriding=[], cmake_args=None, cmake_target=None, cmake_target_skip_unavailable=False, cmake_clean_cache=False, cmake_clean_first=False, cmake_force_configure=False, ament_cmake_args=None, catkin_cmake_args=None, catkin_skip_building_tests=False, verb_parser=<colcon_defaults.argument_parser.defaults.DefaultArgumentsDecorator object at 0x7226be717b50>, verb_extension=<colcon_core.verb.build.BuildVerb object at 0x7226be860790>, main=<bound method BuildVerb.main of <colcon_core.verb.build.BuildVerb object at 0x7226be860790>>)
[0.272s] Level 1:colcon.colcon_core.package_discovery:discover_packages(colcon_meta) check parameters
[0.273s] Level 1:colcon.colcon_core.package_discovery:discover_packages(recursive) check parameters
[0.273s] Level 1:colcon.colcon_core.package_discovery:discover_packages(ignore) check parameters
[0.273s] Level 1:colcon.colcon_core.package_discovery:discover_packages(path) check parameters
[0.273s] Level 1:colcon.colcon_core.package_discovery:discover_packages(colcon_meta) discover
[0.273s] Level 1:colcon.colcon_core.package_discovery:discover_packages(recursive) discover
[0.273s] INFO:colcon.colcon_core.package_discovery:Crawling recursively for packages in '/home/ebrahim/control_survey'
[0.273s] Level 1:colcon.colcon_core.package_identification:_identify(.) by extensions ['ignore', 'ignore_ament_install']
[0.273s] Level 1:colcon.colcon_core.package_identification:_identify(.) by extension 'ignore'
[0.273s] Level 1:colcon.colcon_core.package_identification:_identify(.) by extension 'ignore_ament_install'
[0.273s] Level 1:colcon.colcon_core.package_identification:_identify(.) by extensions ['colcon_pkg']
[0.273s] Level 1:colcon.colcon_core.package_identification:_identify(.) by extension 'colcon_pkg'
[0.273s] Level 1:colcon.colcon_core.package_identification:_identify(.) by extensions ['colcon_meta']
[0.273s] Level 1:colcon.colcon_core.package_identification:_identify(.) by extension 'colcon_meta'
[0.273s] Level 1:colcon.colcon_core.package_identification:_identify(.) by extensions ['ros']
[0.273s] Level 1:colcon.colcon_core.package_identification:_identify(.) by extension 'ros'
[0.283s] Level 1:colcon.colcon_core.package_identification:_identify(.) by extensions ['cmake', 'python']
[0.283s] Level 1:colcon.colcon_core.package_identification:_identify(.) by extension 'cmake'
[0.283s] Level 1:colcon.colcon_core.package_identification:_identify(.) by extension 'python'
[0.283s] Level 1:colcon.colcon_core.package_identification:_identify(.) by extensions ['python_setup_py']
[0.283s] Level 1:colcon.colcon_core.package_identification:_identify(.) by extension 'python_setup_py'
[0.283s] Level 1:colcon.colcon_core.package_identification:_identify(build) by extensions ['ignore', 'ignore_ament_install']
[0.283s] Level 1:colcon.colcon_core.package_identification:_identify(build) by extension 'ignore'
[0.283s] Level 1:colcon.colcon_core.package_identification:_identify(build) ignored
[0.283s] Level 1:colcon.colcon_core.package_identification:_identify(install) by extensions ['ignore', 'ignore_ament_install']
[0.283s] Level 1:colcon.colcon_core.package_identification:_identify(install) by extension 'ignore'
[0.283s] Level 1:colcon.colcon_core.package_identification:_identify(install) ignored
[0.283s] Level 1:colcon.colcon_core.package_identification:_identify(log) by extensions ['ignore', 'ignore_ament_install']
[0.283s] Level 1:colcon.colcon_core.package_identification:_identify(log) by extension 'ignore'
[0.283s] Level 1:colcon.colcon_core.package_identification:_identify(log) ignored
[0.283s] Level 1:colcon.colcon_core.package_identification:_identify(src) by extensions ['ignore', 'ignore_ament_install']
[0.283s] Level 1:colcon.colcon_core.package_identification:_identify(src) by extension 'ignore'
[0.283s] Level 1:colcon.colcon_core.package_identification:_identify(src) by extension 'ignore_ament_install'
[0.284s] Level 1:colcon.colcon_core.package_identification:_identify(src) by extensions ['colcon_pkg']
[0.284s] Level 1:colcon.colcon_core.package_identification:_identify(src) by extension 'colcon_pkg'
[0.284s] Level 1:colcon.colcon_core.package_identification:_identify(src) by extensions ['colcon_meta']
[0.284s] Level 1:colcon.colcon_core.package_identification:_identify(src) by extension 'colcon_meta'
[0.284s] Level 1:colcon.colcon_core.package_identification:_identify(src) by extensions ['ros']
[0.284s] Level 1:colcon.colcon_core.package_identification:_identify(src) by extension 'ros'
[0.284s] Level 1:colcon.colcon_core.package_identification:_identify(src) by extensions ['cmake', 'python']
[0.284s] Level 1:colcon.colcon_core.package_identification:_identify(src) by extension 'cmake'
[0.284s] Level 1:colcon.colcon_core.package_identification:_identify(src) by extension 'python'
[0.284s] Level 1:colcon.colcon_core.package_identification:_identify(src) by extensions ['python_setup_py']
[0.284s] Level 1:colcon.colcon_core.package_identification:_identify(src) by extension 'python_setup_py'
[0.284s] Level 1:colcon.colcon_core.package_identification:_identify(src/controllers_survey_pkg) by extensions ['ignore', 'ignore_ament_install']
[0.284s] Level 1:colcon.colcon_core.package_identification:_identify(src/controllers_survey_pkg) by extension 'ignore'
[0.284s] Level 1:colcon.colcon_core.package_identification:_identify(src/controllers_survey_pkg) by extension 'ignore_ament_install'
[0.284s] Level 1:colcon.colcon_core.package_identification:_identify(src/controllers_survey_pkg) by extensions ['colcon_pkg']
[0.284s] Level 1:colcon.colcon_core.package_identification:_identify(src/controllers_survey_pkg) by extension 'colcon_pkg'
[0.284s] Level 1:colcon.colcon_core.package_identification:_identify(src/controllers_survey_pkg) by extensions ['colcon_meta']
[0.284s] Level 1:colcon.colcon_core.package_identification:_identify(src/controllers_survey_pkg) by extension 'colcon_meta'
[0.284s] Level 1:colcon.colcon_core.package_identification:_identify(src/controllers_survey_pkg) by extensions ['ros']
[0.284s] Level 1:colcon.colcon_core.package_identification:_identify(src/controllers_survey_pkg) by extension 'ros'
[0.292s] DEBUG:colcon.colcon_core.package_identification:Package 'src/controllers_survey_pkg' with type 'ros.ament_python' and name 'controllers_survey_pkg'
[0.292s] Level 1:colcon.colcon_core.package_identification:_identify(src/waypoint_logger) by extensions ['ignore', 'ignore_ament_install']
[0.292s] Level 1:colcon.colcon_core.package_identification:_identify(src/waypoint_logger) by extension 'ignore'
[0.292s] Level 1:colcon.colcon_core.package_identification:_identify(src/waypoint_logger) by extension 'ignore_ament_install'
[0.292s] Level 1:colcon.colcon_core.package_identification:_identify(src/waypoint_logger) by extensions ['colcon_pkg']
[0.292s] Level 1:colcon.colcon_core.package_identification:_identify(src/waypoint_logger) by extension 'colcon_pkg'
[0.292s] Level 1:colcon.colcon_core.package_identification:_identify(src/waypoint_logger) by extensions ['colcon_meta']
[0.292s] Level 1:colcon.colcon_core.package_identification:_identify(src/waypoint_logger) by extension 'colcon_meta'
[0.292s] Level 1:colcon.colcon_core.package_identification:_identify(src/waypoint_logger) by extensions ['ros']
[0.292s] Level 1:colcon.colcon_core.package_identification:_identify(src/waypoint_logger) by extension 'ros'
[0.293s] DEBUG:colcon.colcon_core.package_identification:Package 'src/waypoint_logger' with type 'ros.ament_python' and name 'waypoint_logger'
[0.293s] Level 1:colcon.colcon_core.package_discovery:discover_packages(recursive) using defaults
[0.293s] Level 1:colcon.colcon_core.package_discovery:discover_packages(ignore) discover
[0.293s] Level 1:colcon.colcon_core.package_discovery:discover_packages(ignore) using defaults
[0.293s] Level 1:colcon.colcon_core.package_discovery:discover_packages(path) discover
[0.293s] Level 1:colcon.colcon_core.package_discovery:discover_packages(path) using defaults
[0.310s] Level 1:colcon.colcon_core.package_discovery:discover_packages(prefix_path) check parameters
[0.310s] Level 1:colcon.colcon_core.package_discovery:discover_packages(prefix_path) discover
[0.312s] DEBUG:colcon.colcon_installed_package_information.package_discovery:Found 2 installed packages in /home/ebrahim/control_survey/install
[0.313s] DEBUG:colcon.colcon_installed_package_information.package_discovery:Found 18 installed packages in /home/ebrahim/carla-ros-bridge/install
[0.314s] DEBUG:colcon.colcon_installed_package_information.package_discovery:Found 305 installed packages in /opt/ros/humble
[0.315s] Level 1:colcon.colcon_core.package_discovery:discover_packages(prefix_path) using defaults
[0.348s] Level 5:colcon.colcon_core.verb:set package 'controllers_survey_pkg' build argument 'cmake_args' from command line to 'None'
[0.348s] Level 5:colcon.colcon_core.verb:set package 'controllers_survey_pkg' build argument 'cmake_target' from command line to 'None'
[0.348s] Level 5:colcon.colcon_core.verb:set package 'controllers_survey_pkg' build argument 'cmake_target_skip_unavailable' from command line to 'False'
[0.348s] Level 5:colcon.colcon_core.verb:set package 'controllers_survey_pkg' build argument 'cmake_clean_cache' from command line to 'False'
[0.348s] Level 5:colcon.colcon_core.verb:set package 'controllers_survey_pkg' build argument 'cmake_clean_first' from command line to 'False'
[0.348s] Level 5:colcon.colcon_core.verb:set package 'controllers_survey_pkg' build argument 'cmake_force_configure' from command line to 'False'
[0.348s] Level 5:colcon.colcon_core.verb:set package 'controllers_survey_pkg' build argument 'ament_cmake_args' from command line to 'None'
[0.348s] Level 5:colcon.colcon_core.verb:set package 'controllers_survey_pkg' build argument 'catkin_cmake_args' from command line to 'None'
[0.348s] Level 5:colcon.colcon_core.verb:set package 'controllers_survey_pkg' build argument 'catkin_skip_building_tests' from command line to 'False'
[0.348s] DEBUG:colcon.colcon_core.verb:Building package 'controllers_survey_pkg' with the following arguments: {'ament_cmake_args': None, 'build_base': '/home/ebrahim/control_survey/build/controllers_survey_pkg', 'catkin_cmake_args': None, 'catkin_skip_building_tests': False, 'cmake_args': None, 'cmake_clean_cache': False, 'cmake_clean_first': False, 'cmake_force_configure': False, 'cmake_target': None, 'cmake_target_skip_unavailable': False, 'install_base': '/home/ebrahim/control_survey/install/controllers_survey_pkg', 'merge_install': False, 'path': '/home/ebrahim/control_survey/src/controllers_survey_pkg', 'symlink_install': True, 'test_result_base': None}
[0.349s] Level 5:colcon.colcon_core.verb:set package 'waypoint_logger' build argument 'cmake_args' from command line to 'None'
[0.349s] Level 5:colcon.colcon_core.verb:set package 'waypoint_logger' build argument 'cmake_target' from command line to 'None'
[0.349s] Level 5:colcon.colcon_core.verb:set package 'waypoint_logger' build argument 'cmake_target_skip_unavailable' from command line to 'False'
[0.349s] Level 5:colcon.colcon_core.verb:set package 'waypoint_logger' build argument 'cmake_clean_cache' from command line to 'False'
[0.349s] Level 5:colcon.colcon_core.verb:set package 'waypoint_logger' build argument 'cmake_clean_first' from command line to 'False'
[0.349s] Level 5:colcon.colcon_core.verb:set package 'waypoint_logger' build argument 'cmake_force_configure' from command line to 'False'
[0.349s] Level 5:colcon.colcon_core.verb:set package 'waypoint_logger' build argument 'ament_cmake_args' from command line to 'None'
[0.349s] Level 5:colcon.colcon_core.verb:set package 'waypoint_logger' build argument 'catkin_cmake_args' from command line to 'None'
[0.349s] Level 5:colcon.colcon_core.verb:set package 'waypoint_logger' build argument 'catkin_skip_building_tests' from command line to 'False'
[0.349s] DEBUG:colcon.colcon_core.verb:Building package 'waypoint_logger' with the following arguments: {'ament_cmake_args': None, 'build_base': '/home/ebrahim/control_survey/build/waypoint_logger', 'catkin_cmake_args': None, 'catkin_skip_building_tests': False, 'cmake_args': None, 'cmake_clean_cache': False, 'cmake_clean_first': False, 'cmake_force_configure': False, 'cmake_target': None, 'cmake_target_skip_unavailable': False, 'install_base': '/home/ebrahim/control_survey/install/waypoint_logger', 'merge_install': False, 'path': '/home/ebrahim/control_survey/src/waypoint_logger', 'symlink_install': True, 'test_result_base': None}
[0.349s] INFO:colcon.colcon_core.executor:Executing jobs using 'parallel' executor
[0.350s] DEBUG:colcon.colcon_parallel_executor.executor.parallel:run_until_complete
[0.350s] INFO:colcon.colcon_ros.task.ament_python.build:Building ROS package in '/home/ebrahim/control_survey/src/controllers_survey_pkg' with build type 'ament_python'
[0.350s] Level 1:colcon.colcon_core.shell:create_environment_hook('controllers_survey_pkg', 'ament_prefix_path')
[0.352s] INFO:colcon.colcon_core.plugin_system:Skipping extension 'colcon_core.shell.bat': Not used on non-Windows systems
[0.352s] INFO:colcon.colcon_core.shell:Creating environment hook '/home/ebrahim/control_survey/install/controllers_survey_pkg/share/controllers_survey_pkg/hook/ament_prefix_path.ps1'
[0.353s] INFO:colcon.colcon_core.shell:Creating environment descriptor '/home/ebrahim/control_survey/install/controllers_survey_pkg/share/controllers_survey_pkg/hook/ament_prefix_path.dsv'
[0.353s] INFO:colcon.colcon_core.shell:Creating environment hook '/home/ebrahim/control_survey/install/controllers_survey_pkg/share/controllers_survey_pkg/hook/ament_prefix_path.sh'
[0.354s] INFO:colcon.colcon_core.shell:Skip shell extension 'powershell' for command environment: Not usable outside of PowerShell
[0.354s] DEBUG:colcon.colcon_core.shell:Skip shell extension 'dsv' for command environment
[0.358s] INFO:colcon.colcon_ros.task.ament_python.build:Building ROS package in '/home/ebrahim/control_survey/src/waypoint_logger' with build type 'ament_python'
[0.358s] Level 1:colcon.colcon_core.shell:create_environment_hook('waypoint_logger', 'ament_prefix_path')
[0.359s] INFO:colcon.colcon_core.shell:Creating environment hook '/home/ebrahim/control_survey/install/waypoint_logger/share/waypoint_logger/hook/ament_prefix_path.ps1'
[0.359s] INFO:colcon.colcon_core.shell:Creating environment descriptor '/home/ebrahim/control_survey/install/waypoint_logger/share/waypoint_logger/hook/ament_prefix_path.dsv'
[0.360s] INFO:colcon.colcon_core.shell:Creating environment hook '/home/ebrahim/control_survey/install/waypoint_logger/share/waypoint_logger/hook/ament_prefix_path.sh'
[0.360s] INFO:colcon.colcon_core.shell:Skip shell extension 'powershell' for command environment: Not usable outside of PowerShell
[0.360s] DEBUG:colcon.colcon_core.shell:Skip shell extension 'dsv' for command environment
[0.627s] INFO:colcon.colcon_core.task.python.build:Building Python package in '/home/ebrahim/control_survey/src/controllers_survey_pkg'
[0.627s] INFO:colcon.colcon_core.shell:Skip shell extension 'powershell' for command environment: Not usable outside of PowerShell
[0.627s] DEBUG:colcon.colcon_core.shell:Skip shell extension 'dsv' for command environment
[0.917s] INFO:colcon.colcon_core.task.python.build:Building Python package in '/home/ebrahim/control_survey/src/waypoint_logger'
[0.917s] INFO:colcon.colcon_core.shell:Skip shell extension 'powershell' for command environment: Not usable outside of PowerShell
[0.917s] DEBUG:colcon.colcon_core.shell:Skip shell extension 'dsv' for command environment
[1.292s] DEBUG:colcon.colcon_core.event_handler.log_command:Invoking command in '/home/ebrahim/control_survey/build/controllers_survey_pkg': PYTHONPATH=/home/ebrahim/control_survey/build/controllers_survey_pkg/prefix_override:/usr/lib/python3/dist-packages/colcon_core/task/python/colcon_distutils_commands:/home/ebrahim/control_survey/install/controllers_survey_pkg/lib/python3.10/site-packages:${PYTHONPATH} /usr/bin/python3 -W ignore:setup.py install is deprecated setup.py develop --editable --build-directory /home/ebrahim/control_survey/build/controllers_survey_pkg/build --no-deps symlink_data
[1.294s] DEBUG:colcon.colcon_core.event_handler.log_command:Invoking command in '/home/ebrahim/control_survey/build/waypoint_logger': PYTHONPATH=/home/ebrahim/control_survey/build/waypoint_logger/prefix_override:/usr/lib/python3/dist-packages/colcon_core/task/python/colcon_distutils_commands:/home/ebrahim/control_survey/install/waypoint_logger/lib/python3.10/site-packages:${PYTHONPATH} /usr/bin/python3 -W ignore:setup.py install is deprecated setup.py develop --editable --build-directory /home/ebrahim/control_survey/build/waypoint_logger/build --no-deps symlink_data
[1.762s] Level 1:colcon.colcon_core.shell:create_environment_hook('controllers_survey_pkg', 'pythonpath_develop')
[1.763s] INFO:colcon.colcon_core.shell:Creating environment hook '/home/ebrahim/control_survey/build/controllers_survey_pkg/share/controllers_survey_pkg/hook/pythonpath_develop.ps1'
[1.763s] DEBUG:colcon.colcon_core.event_handler.log_command:Invoked command in '/home/ebrahim/control_survey/build/controllers_survey_pkg' returned '0': PYTHONPATH=/home/ebrahim/control_survey/build/controllers_survey_pkg/prefix_override:/usr/lib/python3/dist-packages/colcon_core/task/python/colcon_distutils_commands:/home/ebrahim/control_survey/install/controllers_survey_pkg/lib/python3.10/site-packages:${PYTHONPATH} /usr/bin/python3 -W ignore:setup.py install is deprecated setup.py develop --editable --build-directory /home/ebrahim/control_survey/build/controllers_survey_pkg/build --no-deps symlink_data
[1.764s] INFO:colcon.colcon_core.shell:Creating environment descriptor '/home/ebrahim/control_survey/build/controllers_survey_pkg/share/controllers_survey_pkg/hook/pythonpath_develop.dsv'
[1.764s] INFO:colcon.colcon_core.shell:Creating environment hook '/home/ebrahim/control_survey/build/controllers_survey_pkg/share/controllers_survey_pkg/hook/pythonpath_develop.sh'
[1.767s] Level 1:colcon.colcon_core.environment:checking '/home/ebrahim/control_survey/install/controllers_survey_pkg' for CMake module files
[1.768s] Level 1:colcon.colcon_core.environment:checking '/home/ebrahim/control_survey/install/controllers_survey_pkg' for CMake config files
[1.768s] Level 1:colcon.colcon_core.environment:checking '/home/ebrahim/control_survey/install/controllers_survey_pkg/lib'
[1.768s] Level 1:colcon.colcon_core.environment:checking '/home/ebrahim/control_survey/install/controllers_survey_pkg/bin'
[1.768s] Level 1:colcon.colcon_core.environment:checking '/home/ebrahim/control_survey/install/controllers_survey_pkg/lib/pkgconfig/controllers_survey_pkg.pc'
[1.769s] Level 1:colcon.colcon_core.environment:checking '/home/ebrahim/control_survey/install/controllers_survey_pkg/lib/python3.10/site-packages'
[1.769s] Level 1:colcon.colcon_core.shell:create_environment_hook('controllers_survey_pkg', 'pythonpath')
[1.769s] INFO:colcon.colcon_core.shell:Creating environment hook '/home/ebrahim/control_survey/install/controllers_survey_pkg/share/controllers_survey_pkg/hook/pythonpath.ps1'
[1.769s] INFO:colcon.colcon_core.shell:Creating environment descriptor '/home/ebrahim/control_survey/install/controllers_survey_pkg/share/controllers_survey_pkg/hook/pythonpath.dsv'
[1.770s] INFO:colcon.colcon_core.shell:Creating environment hook '/home/ebrahim/control_survey/install/controllers_survey_pkg/share/controllers_survey_pkg/hook/pythonpath.sh'
[1.770s] Level 1:colcon.colcon_core.environment:checking '/home/ebrahim/control_survey/install/controllers_survey_pkg/bin'
[1.770s] Level 1:colcon.colcon_core.environment:create_environment_scripts_only(controllers_survey_pkg)
[1.771s] INFO:colcon.colcon_core.shell:Creating package script '/home/ebrahim/control_survey/install/controllers_survey_pkg/share/controllers_survey_pkg/package.ps1'
[1.771s] INFO:colcon.colcon_core.shell:Creating package descriptor '/home/ebrahim/control_survey/install/controllers_survey_pkg/share/controllers_survey_pkg/package.dsv'
[1.772s] INFO:colcon.colcon_core.shell:Creating package script '/home/ebrahim/control_survey/install/controllers_survey_pkg/share/controllers_survey_pkg/package.sh'
[1.772s] INFO:colcon.colcon_core.shell:Creating package script '/home/ebrahim/control_survey/install/controllers_survey_pkg/share/controllers_survey_pkg/package.bash'
[1.773s] INFO:colcon.colcon_core.shell:Creating package script '/home/ebrahim/control_survey/install/controllers_survey_pkg/share/controllers_survey_pkg/package.zsh'
[1.774s] Level 1:colcon.colcon_core.environment:create_file_with_runtime_dependencies(/home/ebrahim/control_survey/install/controllers_survey_pkg/share/colcon-core/packages/controllers_survey_pkg)
[1.779s] Level 1:colcon.colcon_core.shell:create_environment_hook('waypoint_logger', 'pythonpath_develop')
[1.779s] INFO:colcon.colcon_core.shell:Creating environment hook '/home/ebrahim/control_survey/build/waypoint_logger/share/waypoint_logger/hook/pythonpath_develop.ps1'
[1.779s] DEBUG:colcon.colcon_core.event_handler.log_command:Invoked command in '/home/ebrahim/control_survey/build/waypoint_logger' returned '0': PYTHONPATH=/home/ebrahim/control_survey/build/waypoint_logger/prefix_override:/usr/lib/python3/dist-packages/colcon_core/task/python/colcon_distutils_commands:/home/ebrahim/control_survey/install/waypoint_logger/lib/python3.10/site-packages:${PYTHONPATH} /usr/bin/python3 -W ignore:setup.py install is deprecated setup.py develop --editable --build-directory /home/ebrahim/control_survey/build/waypoint_logger/build --no-deps symlink_data
[1.780s] INFO:colcon.colcon_core.shell:Creating environment descriptor '/home/ebrahim/control_survey/build/waypoint_logger/share/waypoint_logger/hook/pythonpath_develop.dsv'
[1.780s] INFO:colcon.colcon_core.shell:Creating environment hook '/home/ebrahim/control_survey/build/waypoint_logger/share/waypoint_logger/hook/pythonpath_develop.sh'
[1.781s] Level 1:colcon.colcon_core.environment:checking '/home/ebrahim/control_survey/install/waypoint_logger' for CMake module files
[1.782s] Level 1:colcon.colcon_core.environment:checking '/home/ebrahim/control_survey/install/waypoint_logger' for CMake config files
[1.782s] Level 1:colcon.colcon_core.environment:checking '/home/ebrahim/control_survey/install/waypoint_logger/lib'
[1.782s] Level 1:colcon.colcon_core.environment:checking '/home/ebrahim/control_survey/install/waypoint_logger/bin'
[1.782s] Level 1:colcon.colcon_core.environment:checking '/home/ebrahim/control_survey/install/waypoint_logger/lib/pkgconfig/waypoint_logger.pc'
[1.783s] Level 1:colcon.colcon_core.environment:checking '/home/ebrahim/control_survey/install/waypoint_logger/lib/python3.10/site-packages'
[1.783s] Level 1:colcon.colcon_core.shell:create_environment_hook('waypoint_logger', 'pythonpath')
[1.783s] INFO:colcon.colcon_core.shell:Creating environment hook '/home/ebrahim/control_survey/install/waypoint_logger/share/waypoint_logger/hook/pythonpath.ps1'
[1.783s] INFO:colcon.colcon_core.shell:Creating environment descriptor '/home/ebrahim/control_survey/install/waypoint_logger/share/waypoint_logger/hook/pythonpath.dsv'
[1.784s] INFO:colcon.colcon_core.shell:Creating environment hook '/home/ebrahim/control_survey/install/waypoint_logger/share/waypoint_logger/hook/pythonpath.sh'
[1.784s] Level 1:colcon.colcon_core.environment:checking '/home/ebrahim/control_survey/install/waypoint_logger/bin'
[1.784s] Level 1:colcon.colcon_core.environment:create_environment_scripts_only(waypoint_logger)
[1.785s] INFO:colcon.colcon_core.shell:Creating package script '/home/ebrahim/control_survey/install/waypoint_logger/share/waypoint_logger/package.ps1'
[1.786s] INFO:colcon.colcon_core.shell:Creating package descriptor '/home/ebrahim/control_survey/install/waypoint_logger/share/waypoint_logger/package.dsv'
[1.786s] INFO:colcon.colcon_core.shell:Creating package script '/home/ebrahim/control_survey/install/waypoint_logger/share/waypoint_logger/package.sh'
[1.787s] INFO:colcon.colcon_core.shell:Creating package script '/home/ebrahim/control_survey/install/waypoint_logger/share/waypoint_logger/package.bash'
[1.787s] INFO:colcon.colcon_core.shell:Creating package script '/home/ebrahim/control_survey/install/waypoint_logger/share/waypoint_logger/package.zsh'
[1.787s] Level 1:colcon.colcon_core.environment:create_file_with_runtime_dependencies(/home/ebrahim/control_survey/install/waypoint_logger/share/colcon-core/packages/waypoint_logger)
[1.788s] DEBUG:colcon.colcon_parallel_executor.executor.parallel:closing loop
[1.788s] DEBUG:colcon.colcon_parallel_executor.executor.parallel:loop closed
[1.788s] DEBUG:colcon.colcon_parallel_executor.executor.parallel:run_until_complete finished with '0'
[1.788s] DEBUG:colcon.colcon_core.event_reactor:joining thread
[1.795s] INFO:colcon.colcon_core.plugin_system:Skipping extension 'colcon_notification.desktop_notification.terminal_notifier': Not used on non-Darwin systems
[1.795s] INFO:colcon.colcon_core.plugin_system:Skipping extension 'colcon_notification.desktop_notification.win32': Not used on non-Windows systems
[1.795s] INFO:colcon.colcon_notification.desktop_notification:Sending desktop notification using 'notify2'
[1.805s] DEBUG:colcon.colcon_core.event_reactor:joined thread
[1.805s] INFO:colcon.colcon_core.shell:Creating prefix script '/home/ebrahim/control_survey/install/local_setup.ps1'
[1.806s] INFO:colcon.colcon_core.shell:Creating prefix util module '/home/ebrahim/control_survey/install/_local_setup_util_ps1.py'
[1.807s] INFO:colcon.colcon_core.shell:Creating prefix chain script '/home/ebrahim/control_survey/install/setup.ps1'
[1.809s] INFO:colcon.colcon_core.shell:Creating prefix script '/home/ebrahim/control_survey/install/local_setup.sh'
[1.809s] INFO:colcon.colcon_core.shell:Creating prefix util module '/home/ebrahim/control_survey/install/_local_setup_util_sh.py'
[1.810s] INFO:colcon.colcon_core.shell:Creating prefix chain script '/home/ebrahim/control_survey/install/setup.sh'
[1.811s] INFO:colcon.colcon_core.shell:Creating prefix script '/home/ebrahim/control_survey/install/local_setup.bash'
[1.812s] INFO:colcon.colcon_core.shell:Creating prefix chain script '/home/ebrahim/control_survey/install/setup.bash'
[1.813s] INFO:colcon.colcon_core.shell:Creating prefix script '/home/ebrahim/control_survey/install/local_setup.zsh'
[1.814s] INFO:colcon.colcon_core.shell:Creating prefix chain script '/home/ebrahim/control_survey/install/setup.zsh'
